Replace Part C1 22uF in C:\Users\20180\Documents\PersonalProject\FOC\SCH\C_FOC.SchDoc with 22uF from FOC.SchLib
Replace Part C2 22uF in C:\Users\20180\Documents\PersonalProject\FOC\SCH\C_FOC.SchDoc with 22uF from FOC.SchLib
Replace Part C3 22uF in C:\Users\20180\Documents\PersonalProject\FOC\SCH\C_FOC.SchDoc with 22uF from FOC.SchLib
Replace Part C4 22uF in C:\Users\20180\Documents\PersonalProject\FOC\SCH\C_FOC.SchDoc with 22uF from FOC.SchLib
Replace Part C5 22PF in C:\Users\20180\Documents\PersonalProject\FOC\SCH\C_FOC.SchDoc with 22PF from FOC.SchLib
Replace Part C6 22PF in C:\Users\20180\Documents\PersonalProject\FOC\SCH\C_FOC.SchDoc with 22PF from FOC.SchLib
Replace Part C7 22uF in C:\Users\20180\Documents\PersonalProject\FOC\SCH\C_FOC.SchDoc with 22uF from FOC.SchLib
Replace Part R1 10K in C:\Users\20180\Documents\PersonalProject\FOC\SCH\C_FOC.SchDoc with 10K from FOC.SchLib
Replace Part R2 330R in C:\Users\20180\Documents\PersonalProject\FOC\SCH\C_FOC.SchDoc with 330R from FOC.SchLib
Replace Part R3 10K in C:\Users\20180\Documents\PersonalProject\FOC\SCH\C_FOC.SchDoc with 10K from FOC.SchLib
Replace Part R4 0R in C:\Users\20180\Documents\PersonalProject\FOC\SCH\C_FOC.SchDoc with 0R from C_FOC.SchLib
Replace Part R5 0R in C:\Users\20180\Documents\PersonalProject\FOC\SCH\C_FOC.SchDoc with 0R from C_FOC.SchLib
Replace Part R6 0R in C:\Users\20180\Documents\PersonalProject\FOC\SCH\C_FOC.SchDoc with 0R from C_FOC.SchLib
Replace Part R7 0R in C:\Users\20180\Documents\PersonalProject\FOC\SCH\C_FOC.SchDoc with 0R from C_FOC.SchLib
Replace Part R8 0R in C:\Users\20180\Documents\PersonalProject\FOC\SCH\C_FOC.SchDoc with 0R from C_FOC.SchLib
Replace Part R9 0R in C:\Users\20180\Documents\PersonalProject\FOC\SCH\C_FOC.SchDoc with 0R from C_FOC.SchLib
Replace Part R10 10K in C:\Users\20180\Documents\PersonalProject\FOC\SCH\C_FOC.SchDoc with 10K from FOC.SchLib
Replace Part R11 10K in C:\Users\20180\Documents\PersonalProject\FOC\SCH\C_FOC.SchDoc with 10K from FOC.SchLib
Replace Part S1 switch in C:\Users\20180\Documents\PersonalProject\FOC\SCH\C_FOC.SchDoc with switch from FOC.SchLib
Replace Part SW1 UK-B0205G43-DP25Y in C:\Users\20180\Documents\PersonalProject\FOC\SCH\C_FOC.SchDoc with UK-B0205G43-DP25Y from FOC.SchLib
Replace Part U1 STM32F103C8T6 in C:\Users\20180\Documents\PersonalProject\FOC\SCH\C_FOC.SchDoc with STM32F103C8T6 from FOC.SchLib
Replace Part U2 AMS1117-3.3_C369933 in C:\Users\20180\Documents\PersonalProject\FOC\SCH\C_FOC.SchDoc with AMS1117-3.3_C369933 from FOC.SchLib
Replace Part X1 8MHz in C:\Users\20180\Documents\PersonalProject\FOC\SCH\C_FOC.SchDoc with 8MHz from FOC.SchLib
