Removed Pin From Net: NetName=PGND Pin=C19-2
Removed Pin From Net: NetName=PGND Pin=C21-1
Removed Pin From Net: NetName=PGND Pin=C22-1
Removed Pin From Net: NetName=PGND Pin=C23-2
Removed Pin From Net: NetName=PGND Pin=P1-2
Removed Pin From Net: NetName=PGND Pin=R9-1
Removed Pin From Net: NetName=PGND Pin=U7-1
Removed Pin From Net: NetName=PGND Pin=U7-2
Removed Pin From Net: NetName=PGND Pin=U7-10
Removed Pin From Net: NetName=PGND Pin=U7-11
Removed Pin From Net: NetName=PGND Pin=U7-19
Removed Pin From Net: NetName=PGND Pin=U7-20
Removed Pin From Net: NetName=PGND Pin=U7-21
Added Pin To Net: NetName=PGND Pin=C9-1
Added Pin To Net: NetName=PGND Pin=C10-1
Added Pin To Net: NetName=PGND Pin=C11-1
Added Pin To Net: NetName=PGND Pin=C12-2
Added Pin To Net: NetName=PGND Pin=C13-1
Added Pin To Net: NetName=PGND Pin=C14-1
Added Pin To Net: NetName=PGND Pin=C15-1
Added Pin To Net: NetName=PGND Pin=C16-1
Added Pin To Net: NetName=PGND Pin=C18-1
Added Pin To Net: NetName=PGND Pin=D1-2
Added Pin To Net: NetName=PGND Pin=LED2-1
Added Pin To Net: NetName=PGND Pin=R9-2
Added Pin To Net: NetName=PGND Pin=R10-1
Added Pin To Net: NetName=PGND Pin=R11-1
Added Pin To Net: NetName=PGND Pin=R12-1
Added Pin To Net: NetName=PGND Pin=U3-7
Added Pin To Net: NetName=PGND Pin=U4-1
Change Net Name : Old Net Name=PGND New Net Name=GND
Added Pin To Net: NetName=PGND Pin=C19-2
Added Pin To Net: NetName=PGND Pin=C21-1
Added Pin To Net: NetName=PGND Pin=C22-1
Added Pin To Net: NetName=PGND Pin=C23-2
Added Pin To Net: NetName=PGND Pin=P1-2
Added Pin To Net: NetName=PGND Pin=R9-1
Added Pin To Net: NetName=PGND Pin=U7-1
Added Pin To Net: NetName=PGND Pin=U7-2
Added Pin To Net: NetName=PGND Pin=U7-10
Added Pin To Net: NetName=PGND Pin=U7-11
Added Pin To Net: NetName=PGND Pin=U7-19
Added Pin To Net: NetName=PGND Pin=U7-20
Added Pin To Net: NetName=PGND Pin=U7-21
Added Net: Name=PGND
