Change Physical Footprint: Designator=C1 Old Footprint=C0805 New Footprint=C0805
Change Physical Footprint: Designator=C2 Old Footprint=C0805 New Footprint=C0805
Change Physical Footprint: Designator=C3 Old Footprint=C0805 New Footprint=C0805
Change Physical Footprint: Designator=C4 Old Footprint=C0805 New Footprint=C0805
Change Physical Footprint: Designator=C5 Old Footprint=C0805 New Footprint=C0805
Change Physical Footprint: Designator=C6 Old Footprint=C0805 New Footprint=C0805
Change Physical Footprint: Designator=C7 Old Footprint=C0805 New Footprint=C0805
Change Physical Footprint: Designator=i1 Old Footprint=CONN-TH_4P-P1.25_HRS_DF13-4P-1.25H-21 New Footprint=CONN-TH_4P-P1.25_HRS_DF13-4P-1.25H-21
Change Physical Footprint: Designator=LED1 Old Footprint=LED0805-R-RD New Footprint=LED0805-R-RD
Change Physical Footprint: Designator=R1 Old Footprint=R0805 New Footprint=R0805
Change Physical Footprint: Designator=R2 Old Footprint=R0805 New Footprint=R0805
Change Physical Footprint: Designator=R3 Old Footprint=R0805 New Footprint=R0805
Change Physical Footprint: Designator=R4 Old Footprint=R0603 New Footprint=R0603
Change Physical Footprint: Designator=R5 Old Footprint=R0603 New Footprint=R0603
Change Physical Footprint: Designator=R6 Old Footprint=R0603 New Footprint=R0603
Change Physical Footprint: Designator=R7 Old Footprint=R0603 New Footprint=R0603
Change Physical Footprint: Designator=R8 Old Footprint=R0603 New Footprint=R0603
Change Physical Footprint: Designator=R9 Old Footprint=R0603 New Footprint=R0603
Change Physical Footprint: Designator=R10 Old Footprint=R0805 New Footprint=R0805
Change Physical Footprint: Designator=R11 Old Footprint=R0805 New Footprint=R0805
Change Physical Footprint: Designator=S1 Old Footprint=switch New Footprint=switch
Change Physical Footprint: Designator=SW1 Old Footprint=KEY-TH_L6.0-W3.5-P6.50 New Footprint=KEY-TH_L6.0-W3.5-P6.50
Change Physical Footprint: Designator=swd1 Old Footprint=CONN-TH_4P-P1.25_HRS_DF13-4P-1.25H-21 New Footprint=CONN-TH_4P-P1.25_HRS_DF13-4P-1.25H-21
Change Physical Footprint: Designator=U1 Old Footprint=LQFP-48_L7.0-W7.0-P0.50-LS9.0-BL New Footprint=LQFP-48_L7.0-W7.0-P0.50-LS9.0-BL
Change Physical Footprint: Designator=U2 Old Footprint=SOT-223-4_L6.5-W3.5-P2.30-LS7.0-BR New Footprint=SOT-223-4_L6.5-W3.5-P2.30-LS7.0-BR
Change Physical Footprint: Designator=uart1 Old Footprint=CONN-TH_4P-P1.25_HRS_DF13-4P-1.25H-21 New Footprint=CONN-TH_4P-P1.25_HRS_DF13-4P-1.25H-21
Change Physical Footprint: Designator=X1 Old Footprint=CRYSTAL-SMD_4P-L5.0-W3.2-BL New Footprint=CRYSTAL-SMD_4P-L5.0-W3.2-BL
