Removed Pin From Net: NetName=VIN Pin=C20-2
Removed Pin From Net: NetName=VIN Pin=C21-1
Removed Pin From Net: NetName=VIN Pin=D3-1
Removed Pin From Net: NetName=GND Pin=H1-2
Removed Pin From Net: NetName=M0_EN Pin=H1-9
Removed Pin From Net: NetName=GND Pin=H1-18
Removed Pin From Net: NetName=VCC_5 Pin=H2-3
Removed Pin From Net: NetName=VCC_5 Pin=H2-4
Removed Pin From Net: NetName=GND Pin=H3-1
Removed Pin From Net: NetName=GND Pin=H3-2
Removed Pin From Net: NetName=GND Pin=H3-3
Removed Pin From Net: NetName=GND Pin=H3-4
Removed Pin From Net: NetName=VSS Pin=R4-1
Removed Pin From Net: NetName=GND Pin=R4-2
Removed Pin From Net: NetName=PWM1 Pin=R5-2
Removed Pin From Net: NetName=I_X Pin=R6-1
Removed Pin From Net: NetName=ADC1 Pin=R6-2
Removed Pin From Net: NetName=PWM2 Pin=R7-2
Removed Pin From Net: NetName=I_Y Pin=R8-1
Removed Pin From Net: NetName=ADC2 Pin=R8-2
Removed Pin From Net: NetName=PWM3 Pin=R9-2
Removed Pin From Net: NetName=M0_EN Pin=RN1-1
Removed Pin From Net: NetName=GND Pin=RN1-7
Removed Pin From Net: NetName=GND Pin=RN1-8
Removed Pin From Net: NetName=VIN Pin=U4-9
Removed Pin From Net: NetName=VIN Pin=U4-12
Removed Member From Class: ClassName=M_FOC Member=C1
Removed Member From Class: ClassName=M_FOC Member=C2
Removed Member From Class: ClassName=M_FOC Member=C3
Removed Member From Class: ClassName=M_FOC Member=C4
Removed Member From Class: ClassName=M_FOC Member=C5
Removed Member From Class: ClassName=M_FOC Member=C6
Removed Member From Class: ClassName=M_FOC Member=C7
Removed Member From Class: ClassName=M_FOC Member=D3
Removed Member From Class: ClassName=M_FOC Member=H1
Removed Member From Class: ClassName=M_FOC Member=H2
Removed Member From Class: ClassName=M_FOC Member=H3
Removed Member From Class: ClassName=M_FOC Member=LED1
Removed Member From Class: ClassName=M_FOC Member=P3
Removed Member From Class: ClassName=M_FOC Member=R1
Removed Member From Class: ClassName=M_FOC Member=R2
Removed Member From Class: ClassName=M_FOC Member=R3
Removed Member From Class: ClassName=M_FOC Member=RN1
Removed Member From Class: ClassName=M_FOC Member=RN2
Removed Member From Class: ClassName=M_FOC Member=U1
Removed Member From Class: ClassName=M_FOC Member=U2
Change Component Designator: OldDesignator=C1 NewDesignator=C8
Change Component Designator: OldDesignator=C2 NewDesignator=C9
Change Component Designator: OldDesignator=C3 NewDesignator=C10
Change Component Designator: OldDesignator=C4 NewDesignator=C11
Change Component Designator: OldDesignator=C5 NewDesignator=C14
Change Component Designator: OldDesignator=C6 NewDesignator=C15
Change Component Designator: OldDesignator=C7 NewDesignator=C12
Change Component Designator: OldDesignator=C8 NewDesignator=C13
Change Component Designator: OldDesignator=C9 NewDesignator=C16
Change Component Designator: OldDesignator=C10 NewDesignator=C17
Change Component Designator: OldDesignator=C11 NewDesignator=C18
Change Component Designator: OldDesignator=C12 NewDesignator=C19
Change Component Designator: OldDesignator=C14 NewDesignator=C20
Change Component Designator: OldDesignator=C16 NewDesignator=C21
Change Component Designator: OldDesignator=C18 NewDesignator=C22
Change Component Designator: OldDesignator=C19 NewDesignator=C23
Change Component Designator: OldDesignator=i2c1 NewDesignator=i1
Change Component Designator: OldDesignator=LED1 NewDesignator=LED2
Change Component Designator: OldDesignator=P1 NewDesignator=P2
Change Component Designator: OldDesignator=P3 NewDesignator=P1
Change Component Designator: OldDesignator=R1 NewDesignator=R6
Change Component Designator: OldDesignator=R2 NewDesignator=R7
Change Component Designator: OldDesignator=R3 NewDesignator=R8
Change Component Designator: OldDesignator=R4 NewDesignator=R10
Change Component Designator: OldDesignator=R5 NewDesignator=R11
Change Component Designator: OldDesignator=R6 NewDesignator=R12
Change Component Designator: OldDesignator=R7 NewDesignator=R9
Change Component Designator: OldDesignator=R10 NewDesignator=R4
Change Component Designator: OldDesignator=R11 NewDesignator=R5
Change Component Designator: OldDesignator=swd NewDesignator=swd1
Change Component Designator: OldDesignator=U1 NewDesignator=U3
Change Component Designator: OldDesignator=U2 NewDesignator=U4
Change Component Designator: OldDesignator=U3 NewDesignator=U7
Added Component: Designator=R13(R0805)
Add component. Clean all parameters for all variants
Add component (AddParameter): Name = "BOM_JLCPCB Part Class"; Value = "Basic Part"; VariantName = "[No Variations]"
Add component (AddParameter): Name = "BOM_Manufacturer"; Value = "UniOhm"; VariantName = "[No Variations]"
Add component (AddParameter): Name = "BOM_Manufacturer Part"; Value = "0805W8F1002T5E"; VariantName = "[No Variations]"
Add component (AddParameter): Name = "BOM_Supplier"; Value = "LCSC"; VariantName = "[No Variations]"
Add component (AddParameter): Name = "BOM_Supplier Part"; Value = "C17414"; VariantName = "[No Variations]"
Add component (AddParameter): Name = "nameAlias"; Value = "Resistance (Ohms)"; VariantName = "[No Variations]"
Add component (AddParameter): Name = "spicePre"; Value = "R"; VariantName = "[No Variations]"
Add component (AddParameter): Name = "spiceSymbolName"; Value = "0805W8F1002T5E"; VariantName = "[No Variations]"
Added Component: Designator=R14(R0805)
Add component. Clean all parameters for all variants
Add component (AddParameter): Name = "BOM_JLCPCB Part Class"; Value = "Basic Part"; VariantName = "[No Variations]"
Add component (AddParameter): Name = "BOM_Manufacturer"; Value = "UniOhm"; VariantName = "[No Variations]"
Add component (AddParameter): Name = "BOM_Manufacturer Part"; Value = "0805W8F1002T5E"; VariantName = "[No Variations]"
Add component (AddParameter): Name = "BOM_Supplier"; Value = "LCSC"; VariantName = "[No Variations]"
Add component (AddParameter): Name = "BOM_Supplier Part"; Value = "C17414"; VariantName = "[No Variations]"
Add component (AddParameter): Name = "nameAlias"; Value = "Resistance (Ohms)"; VariantName = "[No Variations]"
Add component (AddParameter): Name = "spicePre"; Value = "R"; VariantName = "[No Variations]"
Add component (AddParameter): Name = "spiceSymbolName"; Value = "0805W8F1002T5E"; VariantName = "[No Variations]"
Added Component: Designator=R15(R0805)
Add component. Clean all parameters for all variants
Add component (AddParameter): Name = "BOM_JLCPCB Part Class"; Value = "Basic Part"; VariantName = "[No Variations]"
Add component (AddParameter): Name = "BOM_Manufacturer"; Value = "UniOhm"; VariantName = "[No Variations]"
Add component (AddParameter): Name = "BOM_Manufacturer Part"; Value = "0805W8F1002T5E"; VariantName = "[No Variations]"
Add component (AddParameter): Name = "BOM_Supplier"; Value = "LCSC"; VariantName = "[No Variations]"
Add component (AddParameter): Name = "BOM_Supplier Part"; Value = "C17414"; VariantName = "[No Variations]"
Add component (AddParameter): Name = "nameAlias"; Value = "Resistance (Ohms)"; VariantName = "[No Variations]"
Add component (AddParameter): Name = "spicePre"; Value = "R"; VariantName = "[No Variations]"
Add component (AddParameter): Name = "spiceSymbolName"; Value = "0805W8F1002T5E"; VariantName = "[No Variations]"
Added Component: Designator=U5(SOIC-8_L4.9-W3.9-P1.27-LS6.0-BL)
Add component. Clean all parameters for all variants
Add component (AddParameter): Name = "BOM_JLCPCB Part Class"; Value = "Extended Part"; VariantName = "[No Variations]"
Add component (AddParameter): Name = "BOM_Manufacturer"; Value = "TI(德州仪器)"; VariantName = "[No Variations]"
Add component (AddParameter): Name = "BOM_Manufacturer Part"; Value = "INA240A2DR"; VariantName = "[No Variations]"
Add component (AddParameter): Name = "BOM_Supplier"; Value = "LCSC"; VariantName = "[No Variations]"
Add component (AddParameter): Name = "BOM_Supplier Part"; Value = "C2060768"; VariantName = "[No Variations]"
Add component (AddParameter): Name = "Contributor"; Value = "LCSC"; VariantName = "[No Variations]"
Add component (AddParameter): Name = "spicePre"; Value = "U"; VariantName = "[No Variations]"
Add component (AddParameter): Name = "spiceSymbolName"; Value = "INA240A2DR"; VariantName = "[No Variations]"
Added Component: Designator=U6(SOIC-8_L4.9-W3.9-P1.27-LS6.0-BL)
Add component. Clean all parameters for all variants
Add component (AddParameter): Name = "BOM_JLCPCB Part Class"; Value = "Extended Part"; VariantName = "[No Variations]"
Add component (AddParameter): Name = "BOM_Manufacturer"; Value = "TI(德州仪器)"; VariantName = "[No Variations]"
Add component (AddParameter): Name = "BOM_Manufacturer Part"; Value = "INA240A2DR"; VariantName = "[No Variations]"
Add component (AddParameter): Name = "BOM_Supplier"; Value = "LCSC"; VariantName = "[No Variations]"
Add component (AddParameter): Name = "BOM_Supplier Part"; Value = "C2060768"; VariantName = "[No Variations]"
Add component (AddParameter): Name = "Contributor"; Value = "LCSC"; VariantName = "[No Variations]"
Add component (AddParameter): Name = "spicePre"; Value = "U"; VariantName = "[No Variations]"
Add component (AddParameter): Name = "spiceSymbolName"; Value = "INA240A2DR"; VariantName = "[No Variations]"
Added Pin To Net: NetName=M0_EN Pin=C12-1
Added Pin To Net: NetName=VSS Pin=C19-2
Added Pin To Net: NetName=VSS Pin=C21-1
Added Pin To Net: NetName=VSS Pin=C22-1
Added Pin To Net: NetName=VSS Pin=C23-2
Added Pin To Net: NetName=VSS Pin=P1-2
Added Pin To Net: NetName=M0_EN Pin=R8-2
Added Pin To Net: NetName=VSS Pin=R9-1
Added Pin To Net: NetName=M0_EN Pin=U4-2
Added Pin To Net: NetName=M0_EN Pin=U4-4
Added Pin To Net: NetName=VSS Pin=U5-2
Added Pin To Net: NetName=M0_EN Pin=U5-3
Added Pin To Net: NetName=VSS Pin=U5-4
Added Pin To Net: NetName=I_Y Pin=U5-5
Added Pin To Net: NetName=M0_EN Pin=U5-6
Added Pin To Net: NetName=VSS Pin=U5-7
Added Pin To Net: NetName=VSS Pin=U6-2
Added Pin To Net: NetName=M0_EN Pin=U6-3
Added Pin To Net: NetName=VSS Pin=U6-4
Added Pin To Net: NetName=I_X Pin=U6-5
Added Pin To Net: NetName=M0_EN Pin=U6-6
Added Pin To Net: NetName=VSS Pin=U6-7
Added Pin To Net: NetName=VSS Pin=U7-1
Added Pin To Net: NetName=VSS Pin=U7-2
Added Pin To Net: NetName=VSS Pin=U7-10
Added Pin To Net: NetName=VSS Pin=U7-11
Added Pin To Net: NetName=VSS Pin=U7-19
Added Pin To Net: NetName=VSS Pin=U7-20
Added Pin To Net: NetName=VSS Pin=U7-21
Change Net Name : Old Net Name=M0_EN New Net Name=M_EN
Change Net Name : Old Net Name=NetC1_1 New Net Name=NetC8_1
Change Net Name : Old Net Name=NetC1_2 New Net Name=NetC8_2
Change Net Name : Old Net Name=NetC9_2 New Net Name=NetC16_2
Change Net Name : Old Net Name=NetC10_1 New Net Name=NetC17_1
Change Net Name : Old Net Name=NetC10_2 New Net Name=NetC17_2
Change Net Name : Old Net Name=NetC12_1 New Net Name=NetC19_1
Change Net Name : Old Net Name=NetC14_1 New Net Name=NetC20_1
Change Net Name : Old Net Name=NetC14_2 New Net Name=NetC20_2
Change Net Name : Old Net Name=NetC16_2 New Net Name=NetC21_2
Change Net Name : Old Net Name=NetLED1_2 New Net Name=NetLED2_2
Change Net Name : Old Net Name=NetR1_1 New Net Name=NetR6_1
Change Net Name : Old Net Name=NetR2_1 New Net Name=NetR7_1
Change Net Name : Old Net Name=VSS New Net Name=PGND
Added Pin To Net: NetName=M0_OUT_X Pin=P2-1
Added Net: Name=M0_OUT_X
Added Pin To Net: NetName=M0_OUT_Y Pin=P2-2
Added Net: Name=M0_OUT_Y
Added Pin To Net: NetName=M0_OUT_Z Pin=P2-3
Added Net: Name=M0_OUT_Z
Added Pin To Net: NetName=M_IN1 Pin=U7-7
Added Net: Name=M_IN1
Added Pin To Net: NetName=M_IN2 Pin=U7-4
Added Net: Name=M_IN2
Added Pin To Net: NetName=M_IN3 Pin=U7-14
Added Net: Name=M_IN3
Added Pin To Net: NetName=M_OUT1 Pin=R14-2
Added Pin To Net: NetName=M_OUT1 Pin=U6-8
Added Pin To Net: NetName=M_OUT1 Pin=U7-6
Added Net: Name=M_OUT1
Added Pin To Net: NetName=M_OUT2 Pin=R13-2
Added Pin To Net: NetName=M_OUT2 Pin=U5-8
Added Pin To Net: NetName=M_OUT2 Pin=U7-5
Added Net: Name=M_OUT2
Added Pin To Net: NetName=M_OUT3 Pin=R15-2
Added Pin To Net: NetName=M_OUT3 Pin=U7-15
Added Net: Name=M_OUT3
Added Pin To Net: NetName=M_OUT_X Pin=R14-1
Added Pin To Net: NetName=M_OUT_X Pin=U6-1
Added Net: Name=M_OUT_X
Added Pin To Net: NetName=M_OUT_Y Pin=R13-1
Added Pin To Net: NetName=M_OUT_Y Pin=U5-1
Added Net: Name=M_OUT_Y
Added Pin To Net: NetName=M_OUT_Z Pin=R15-1
Added Net: Name=M_OUT_Z
Added Member To Class: ClassName=C_FOC Member=Component C1 22uF
Added Member To Class: ClassName=C_FOC Member=Component C2 22uF
Added Member To Class: ClassName=C_FOC Member=Component C3 22uF
Added Member To Class: ClassName=C_FOC Member=Component C4 22uF
Added Member To Class: ClassName=C_FOC Member=Component C5 22PF
Added Member To Class: ClassName=C_FOC Member=Component C6 22PF
Added Member To Class: ClassName=C_FOC Member=Component C7 22uF
Added Member To Class: ClassName=M_FOC Member=Component C22 100nF
Added Member To Class: ClassName=M_FOC Member=Component C23 100uF
Added Member To Class: ClassName=C_FOC Member=Component LED1 led
Added Member To Class: ClassName=M_FOC Member=Component LED2 RED
Added Member To Class: ClassName=C_FOC Member=Component R1 10K
Added Member To Class: ClassName=C_FOC Member=Component R2 330R
Added Member To Class: ClassName=C_FOC Member=Component R3 10K
Added Member To Class: ClassName=C_FOC Member=Component R4 10K
Added Member To Class: ClassName=C_FOC Member=Component R5 10K
Added Member To Class: ClassName=M_FOC Member=Component R8 220
Added Member To Class: ClassName=M_FOC Member=Component R9 0
Added Member To Class: ClassName=M_FOC Member=Component R12 30K
Added Member To Class: ClassName=M_FOC Member=Component R13 0.1
Added Member To Class: ClassName=M_FOC Member=Component R14 0.1
Added Member To Class: ClassName=M_FOC Member=Component R15 0.1
Added Member To Class: ClassName=C_FOC Member=Component S1 switch
Added Member To Class: ClassName=C_FOC Member=Component SW1 UK
Added Member To Class: ClassName=C_FOC Member=Component U1 STM32F103C8T6
Added Member To Class: ClassName=C_FOC Member=Component U2 AMS1117-3.3_C369933
Added Member To Class: ClassName=M_FOC Member=Component U5 INA240A2DR
Added Member To Class: ClassName=M_FOC Member=Component U6 INA240A2DR
Added Member To Class: ClassName=M_FOC Member=Component U7 L6234PD013TR
Added Member To Class: ClassName=C_FOC Member=Component X1 8MHz
Added Room: Name=C_FOC
Added Room: Name=M_FOC
