Removed Pin From Net: NetName=SVCC_3.3 Pin=C8-1
Removed Pin From Net: NetName=SGND Pin=C8-2
Removed Pin From Net: NetName=SVCC_5V Pin=C9-2
Removed Pin From Net: NetName=NetLED2_2 Pin=R6-1
Removed Pin From Net: NetName=VCC_3.3 Pin=R6-2
Removed Pin From Net: NetName=SGND Pin=U2-1
Removed Pin From Net: NetName=SVCC_3.3 Pin=U2-2
Removed Pin From Net: NetName=SVCC_5V Pin=U2-3
Removed Pin From Net: NetName=SVCC_3.3 Pin=U2-4
Change Component Footprint: Designator=C8 Old Footprint=CAP-SMD_L3.2-W1.6-RD New Footprint=C0603
Change Component Footprint: Designator=U2 Old Footprint=SOT-223-4_L6.5-W3.5-P2.30-LS7.0-BR New Footprint=SOIC-8_L5.0-W4.0-P1.27-LS6.0-BL
Change Component Comment : Designator=C9 Old Comment=10uF New Comment=4.7uF
Change Component Comment : Designator=C8 Old Comment=10uF New Comment=100nF
Change Component Comment : Designator=U2 Old Comment=AMS1117-3.3_C369933 New Comment=TPS54331DR
Change Component Designator: OldDesignator=CN2 NewDesignator=CN3
Change Component Designator: OldDesignator=CN3 NewDesignator=CN2
Change Component Designator: OldDesignator=R1 NewDesignator=R2
Change Component Designator: OldDesignator=R2 NewDesignator=R1
Change Component Designator: OldDesignator=R4 NewDesignator=R5
Change Component Designator: OldDesignator=R5 NewDesignator=R6
Change Component Designator: OldDesignator=R7 NewDesignator=R11
Change Component Designator: OldDesignator=R8 NewDesignator=R12
Change Component Designator: OldDesignator=R9 NewDesignator=R13
Change Component Designator: OldDesignator=R10 NewDesignator=R14
Change Component Designator: OldDesignator=R11 NewDesignator=R9
Change Component Designator: OldDesignator=R12 NewDesignator=R10
Change component parameters: Designator = "C9"; Footprint = "C0603"; UniqueID = "\OXKSNUGR"
Change component parameters. Clean all parameters for all variants
Change component parameters (AddParameter): Name = "BOM_JLCPCB Part Class"; Value = "Basic Part"; VariantName = "[No Variations]"
Change component parameters (AddParameter): Name = "BOM_Manufacturer"; Value = "YAGEO"; VariantName = "[No Variations]"
Change component parameters (AddParameter): Name = "BOM_Manufacturer Part"; Value = "CC0805KRX7R9BB104"; VariantName = "[No Variations]"
Change component parameters (AddParameter): Name = "BOM_Supplier"; Value = "LCSC"; VariantName = "[No Variations]"
Change component parameters (AddParameter): Name = "BOM_Supplier Part"; Value = "C49678"; VariantName = "[No Variations]"
Change component parameters (AddParameter): Name = "nameAlias"; Value = "Capacitance"; VariantName = "[No Variations]"
Change component parameters (AddParameter): Name = "spicePre"; Value = "C"; VariantName = "[No Variations]"
Change component parameters (AddParameter): Name = "spiceSymbolName"; Value = "CC0805KRX7R9BB104"; VariantName = "[No Variations]"
Change component parameters: Designator = "C8"; Footprint = "C0603"; UniqueID = "\VGBMZLTK"
Change component parameters. Clean all parameters for all variants
Change component parameters (AddParameter): Name = "BOM_JLCPCB Part Class"; Value = "Basic Part"; VariantName = "[No Variations]"
Change component parameters (AddParameter): Name = "BOM_Manufacturer"; Value = "YAGEO"; VariantName = "[No Variations]"
Change component parameters (AddParameter): Name = "BOM_Manufacturer Part"; Value = "CC0805KRX7R9BB104"; VariantName = "[No Variations]"
Change component parameters (AddParameter): Name = "BOM_Supplier"; Value = "LCSC"; VariantName = "[No Variations]"
Change component parameters (AddParameter): Name = "BOM_Supplier Part"; Value = "C49678"; VariantName = "[No Variations]"
Change component parameters (AddParameter): Name = "nameAlias"; Value = "Capacitance"; VariantName = "[No Variations]"
Change component parameters (AddParameter): Name = "spicePre"; Value = "C"; VariantName = "[No Variations]"
Change component parameters (AddParameter): Name = "spiceSymbolName"; Value = "CC0805KRX7R9BB104"; VariantName = "[No Variations]"
Change component parameters: Designator = "U2"; Footprint = "SOIC-8_L5.0-W4.0-P1.27-LS6.0-BL"; UniqueID = "\CTXWOWZZ"
Change component parameters. Clean all parameters for all variants
Change component parameters (AddParameter): Name = "BOM_JLCPCB Part Class"; Value = "Basic Part"; VariantName = "[No Variations]"
Change component parameters (AddParameter): Name = "BOM_Manufacturer"; Value = "TI"; VariantName = "[No Variations]"
Change component parameters (AddParameter): Name = "BOM_Manufacturer Part"; Value = "TPS54331DR"; VariantName = "[No Variations]"
Change component parameters (AddParameter): Name = "BOM_Supplier"; Value = "LCSC"; VariantName = "[No Variations]"
Change component parameters (AddParameter): Name = "BOM_Supplier Part"; Value = "C9865"; VariantName = "[No Variations]"
Change component parameters (AddParameter): Name = "spicePre"; Value = "U"; VariantName = "[No Variations]"
Change component parameters (AddParameter): Name = "spiceSymbolName"; Value = "TPS54331DR"; VariantName = "[No Variations]"
Added Component: Designator=C10(C0603)
Add component. Clean all parameters for all variants
Add component (AddParameter): Name = "BOM_JLCPCB Part Class"; Value = "Basic Part"; VariantName = "[No Variations]"
Add component (AddParameter): Name = "BOM_Manufacturer"; Value = "YAGEO"; VariantName = "[No Variations]"
Add component (AddParameter): Name = "BOM_Manufacturer Part"; Value = "CC0805KRX7R9BB104"; VariantName = "[No Variations]"
Add component (AddParameter): Name = "BOM_Supplier"; Value = "LCSC"; VariantName = "[No Variations]"
Add component (AddParameter): Name = "BOM_Supplier Part"; Value = "C49678"; VariantName = "[No Variations]"
Add component (AddParameter): Name = "nameAlias"; Value = "Capacitance"; VariantName = "[No Variations]"
Add component (AddParameter): Name = "spicePre"; Value = "C"; VariantName = "[No Variations]"
Add component (AddParameter): Name = "spiceSymbolName"; Value = "CC0805KRX7R9BB104"; VariantName = "[No Variations]"
Added Component: Designator=C11(C0603)
Add component. Clean all parameters for all variants
Add component (AddParameter): Name = "BOM_JLCPCB Part Class"; Value = "Basic Part"; VariantName = "[No Variations]"
Add component (AddParameter): Name = "BOM_Manufacturer"; Value = "YAGEO"; VariantName = "[No Variations]"
Add component (AddParameter): Name = "BOM_Manufacturer Part"; Value = "CC0805KRX7R9BB104"; VariantName = "[No Variations]"
Add component (AddParameter): Name = "BOM_Supplier"; Value = "LCSC"; VariantName = "[No Variations]"
Add component (AddParameter): Name = "BOM_Supplier Part"; Value = "C49678"; VariantName = "[No Variations]"
Add component (AddParameter): Name = "nameAlias"; Value = "Capacitance"; VariantName = "[No Variations]"
Add component (AddParameter): Name = "spicePre"; Value = "C"; VariantName = "[No Variations]"
Add component (AddParameter): Name = "spiceSymbolName"; Value = "CC0805KRX7R9BB104"; VariantName = "[No Variations]"
Added Component: Designator=C12(C0603)
Add component. Clean all parameters for all variants
Add component (AddParameter): Name = "BOM_JLCPCB Part Class"; Value = "Basic Part"; VariantName = "[No Variations]"
Add component (AddParameter): Name = "BOM_Manufacturer"; Value = "YAGEO"; VariantName = "[No Variations]"
Add component (AddParameter): Name = "BOM_Manufacturer Part"; Value = "CC0805KRX7R9BB104"; VariantName = "[No Variations]"
Add component (AddParameter): Name = "BOM_Supplier"; Value = "LCSC"; VariantName = "[No Variations]"
Add component (AddParameter): Name = "BOM_Supplier Part"; Value = "C49678"; VariantName = "[No Variations]"
Add component (AddParameter): Name = "nameAlias"; Value = "Capacitance"; VariantName = "[No Variations]"
Add component (AddParameter): Name = "spicePre"; Value = "C"; VariantName = "[No Variations]"
Add component (AddParameter): Name = "spiceSymbolName"; Value = "CC0805KRX7R9BB104"; VariantName = "[No Variations]"
Added Component: Designator=C13(C0603)
Add component. Clean all parameters for all variants
Add component (AddParameter): Name = "BOM_JLCPCB Part Class"; Value = "Basic Part"; VariantName = "[No Variations]"
Add component (AddParameter): Name = "BOM_Manufacturer"; Value = "YAGEO"; VariantName = "[No Variations]"
Add component (AddParameter): Name = "BOM_Manufacturer Part"; Value = "CC0805KRX7R9BB104"; VariantName = "[No Variations]"
Add component (AddParameter): Name = "BOM_Supplier"; Value = "LCSC"; VariantName = "[No Variations]"
Add component (AddParameter): Name = "BOM_Supplier Part"; Value = "C49678"; VariantName = "[No Variations]"
Add component (AddParameter): Name = "nameAlias"; Value = "Capacitance"; VariantName = "[No Variations]"
Add component (AddParameter): Name = "spicePre"; Value = "C"; VariantName = "[No Variations]"
Add component (AddParameter): Name = "spiceSymbolName"; Value = "CC0805KRX7R9BB104"; VariantName = "[No Variations]"
Added Component: Designator=C14(C0603)
Add component. Clean all parameters for all variants
Add component (AddParameter): Name = "BOM_JLCPCB Part Class"; Value = "Basic Part"; VariantName = "[No Variations]"
Add component (AddParameter): Name = "BOM_Manufacturer"; Value = "YAGEO"; VariantName = "[No Variations]"
Add component (AddParameter): Name = "BOM_Manufacturer Part"; Value = "CC0805KRX7R9BB104"; VariantName = "[No Variations]"
Add component (AddParameter): Name = "BOM_Supplier"; Value = "LCSC"; VariantName = "[No Variations]"
Add component (AddParameter): Name = "BOM_Supplier Part"; Value = "C49678"; VariantName = "[No Variations]"
Add component (AddParameter): Name = "nameAlias"; Value = "Capacitance"; VariantName = "[No Variations]"
Add component (AddParameter): Name = "spicePre"; Value = "C"; VariantName = "[No Variations]"
Add component (AddParameter): Name = "spiceSymbolName"; Value = "CC0805KRX7R9BB104"; VariantName = "[No Variations]"
Added Component: Designator=C15(C0603)
Add component. Clean all parameters for all variants
Add component (AddParameter): Name = "BOM_JLCPCB Part Class"; Value = "Basic Part"; VariantName = "[No Variations]"
Add component (AddParameter): Name = "BOM_Manufacturer"; Value = "YAGEO"; VariantName = "[No Variations]"
Add component (AddParameter): Name = "BOM_Manufacturer Part"; Value = "CC0805KRX7R9BB104"; VariantName = "[No Variations]"
Add component (AddParameter): Name = "BOM_Supplier"; Value = "LCSC"; VariantName = "[No Variations]"
Add component (AddParameter): Name = "BOM_Supplier Part"; Value = "C49678"; VariantName = "[No Variations]"
Add component (AddParameter): Name = "nameAlias"; Value = "Capacitance"; VariantName = "[No Variations]"
Add component (AddParameter): Name = "spicePre"; Value = "C"; VariantName = "[No Variations]"
Add component (AddParameter): Name = "spiceSymbolName"; Value = "CC0805KRX7R9BB104"; VariantName = "[No Variations]"
Added Component: Designator=C16(C0603)
Add component. Clean all parameters for all variants
Add component (AddParameter): Name = "BOM_JLCPCB Part Class"; Value = "Basic Part"; VariantName = "[No Variations]"
Add component (AddParameter): Name = "BOM_Manufacturer"; Value = "YAGEO"; VariantName = "[No Variations]"
Add component (AddParameter): Name = "BOM_Manufacturer Part"; Value = "CC0805KRX7R9BB104"; VariantName = "[No Variations]"
Add component (AddParameter): Name = "BOM_Supplier"; Value = "LCSC"; VariantName = "[No Variations]"
Add component (AddParameter): Name = "BOM_Supplier Part"; Value = "C49678"; VariantName = "[No Variations]"
Add component (AddParameter): Name = "nameAlias"; Value = "Capacitance"; VariantName = "[No Variations]"
Add component (AddParameter): Name = "spicePre"; Value = "C"; VariantName = "[No Variations]"
Add component (AddParameter): Name = "spiceSymbolName"; Value = "CC0805KRX7R9BB104"; VariantName = "[No Variations]"
Added Component: Designator=C17(CAP-SMD_L3.2-W1.6-RD)
Add component. Clean all parameters for all variants
Add component (AddParameter): Name = "BOM_JLCPCB Part Class"; Value = "Extended Part"; VariantName = "[No Variations]"
Add component (AddParameter): Name = "BOM_Manufacturer"; Value = "Xiangyee"; VariantName = "[No Variations]"
Add component (AddParameter): Name = "BOM_Manufacturer Part"; Value = "CA45-A016K106T"; VariantName = "[No Variations]"
Add component (AddParameter): Name = "BOM_Supplier"; Value = "LCSC"; VariantName = "[No Variations]"
Add component (AddParameter): Name = "BOM_Supplier Part"; Value = "C119051"; VariantName = "[No Variations]"
Add component (AddParameter): Name = "Contributor"; Value = "LCSC"; VariantName = "[No Variations]"
Add component (AddParameter): Name = "nameAlias"; Value = "Capacitance"; VariantName = "[No Variations]"
Add component (AddParameter): Name = "spicePre"; Value = "C"; VariantName = "[No Variations]"
Add component (AddParameter): Name = "spiceSymbolName"; Value = "CA45-A016K106T"; VariantName = "[No Variations]"
Added Component: Designator=C18(C0603)
Add component. Clean all parameters for all variants
Add component (AddParameter): Name = "BOM_JLCPCB Part Class"; Value = "Basic Part"; VariantName = "[No Variations]"
Add component (AddParameter): Name = "BOM_Manufacturer"; Value = "YAGEO"; VariantName = "[No Variations]"
Add component (AddParameter): Name = "BOM_Manufacturer Part"; Value = "CC0805KRX7R9BB104"; VariantName = "[No Variations]"
Add component (AddParameter): Name = "BOM_Supplier"; Value = "LCSC"; VariantName = "[No Variations]"
Add component (AddParameter): Name = "BOM_Supplier Part"; Value = "C49678"; VariantName = "[No Variations]"
Add component (AddParameter): Name = "nameAlias"; Value = "Capacitance"; VariantName = "[No Variations]"
Add component (AddParameter): Name = "spicePre"; Value = "C"; VariantName = "[No Variations]"
Add component (AddParameter): Name = "spiceSymbolName"; Value = "CC0805KRX7R9BB104"; VariantName = "[No Variations]"
Added Component: Designator=D1(SMA_L4.3-W2.6-LS5.2-RD)
Add component. Clean all parameters for all variants
Add component (AddParameter): Name = "BOM_JLCPCB Part Class"; Value = "Extended Part"; VariantName = "[No Variations]"
Add component (AddParameter): Name = "BOM_Manufacturer"; Value = "MDD"; VariantName = "[No Variations]"
Add component (AddParameter): Name = "BOM_Manufacturer Part"; Value = "SS36"; VariantName = "[No Variations]"
Add component (AddParameter): Name = "BOM_Supplier"; Value = "LCSC"; VariantName = "[No Variations]"
Add component (AddParameter): Name = "BOM_Supplier Part"; Value = "C16015"; VariantName = "[No Variations]"
Add component (AddParameter): Name = "spicePre"; Value = "D"; VariantName = "[No Variations]"
Add component (AddParameter): Name = "spiceSymbolName"; Value = "SS36"; VariantName = "[No Variations]"
Added Component: Designator=L1(IND-SMD_L5.0-W5.0_SWPA5040S)
Add component. Clean all parameters for all variants
Add component (AddParameter): Name = "BOM_JLCPCB Part Class"; Value = "Extended Part"; VariantName = "[No Variations]"
Add component (AddParameter): Name = "BOM_Manufacturer"; Value = "Sunlord"; VariantName = "[No Variations]"
Add component (AddParameter): Name = "BOM_Manufacturer Part"; Value = "SWPA5040S6R8M"; VariantName = "[No Variations]"
Add component (AddParameter): Name = "BOM_Supplier"; Value = "LCSC"; VariantName = "[No Variations]"
Add component (AddParameter): Name = "BOM_Supplier Part"; Value = "C36411"; VariantName = "[No Variations]"
Add component (AddParameter): Name = "nameAlias"; Value = "Inductance"; VariantName = "[No Variations]"
Add component (AddParameter): Name = "spicePre"; Value = "L"; VariantName = "[No Variations]"
Add component (AddParameter): Name = "spiceSymbolName"; Value = "SWPA5040S6R8M"; VariantName = "[No Variations]"
Added Component: Designator=R4(C0603)
Add component. Clean all parameters for all variants
Add component (AddParameter): Name = "BOM_JLCPCB Part Class"; Value = "Basic Part"; VariantName = "[No Variations]"
Add component (AddParameter): Name = "BOM_Manufacturer"; Value = "UniOhm"; VariantName = "[No Variations]"
Add component (AddParameter): Name = "BOM_Manufacturer Part"; Value = "0805W8F1002T5E"; VariantName = "[No Variations]"
Add component (AddParameter): Name = "BOM_Supplier"; Value = "LCSC"; VariantName = "[No Variations]"
Add component (AddParameter): Name = "BOM_Supplier Part"; Value = "C17414"; VariantName = "[No Variations]"
Add component (AddParameter): Name = "nameAlias"; Value = "Resistance (Ohms)"; VariantName = "[No Variations]"
Add component (AddParameter): Name = "spicePre"; Value = "R"; VariantName = "[No Variations]"
Add component (AddParameter): Name = "spiceSymbolName"; Value = "0805W8F1002T5E"; VariantName = "[No Variations]"
Added Component: Designator=R7(R0603)
Add component. Clean all parameters for all variants
Add component (AddParameter): Name = "BOM_JLCPCB Part Class"; Value = "Basic Part"; VariantName = "[No Variations]"
Add component (AddParameter): Name = "BOM_Manufacturer"; Value = "UniOhm"; VariantName = "[No Variations]"
Add component (AddParameter): Name = "BOM_Manufacturer Part"; Value = "0805W8F1002T5E"; VariantName = "[No Variations]"
Add component (AddParameter): Name = "BOM_Supplier"; Value = "LCSC"; VariantName = "[No Variations]"
Add component (AddParameter): Name = "BOM_Supplier Part"; Value = "C17414"; VariantName = "[No Variations]"
Add component (AddParameter): Name = "nameAlias"; Value = "Resistance (Ohms)"; VariantName = "[No Variations]"
Add component (AddParameter): Name = "spicePre"; Value = "R"; VariantName = "[No Variations]"
Add component (AddParameter): Name = "spiceSymbolName"; Value = "0805W8F1002T5E"; VariantName = "[No Variations]"
Added Component: Designator=R8(R0603)
Add component. Clean all parameters for all variants
Add component (AddParameter): Name = "BOM_JLCPCB Part Class"; Value = "Basic Part"; VariantName = "[No Variations]"
Add component (AddParameter): Name = "BOM_Manufacturer"; Value = "UniOhm"; VariantName = "[No Variations]"
Add component (AddParameter): Name = "BOM_Manufacturer Part"; Value = "0603WAF3303T5E"; VariantName = "[No Variations]"
Add component (AddParameter): Name = "BOM_Supplier"; Value = "LCSC"; VariantName = "[No Variations]"
Add component (AddParameter): Name = "BOM_Supplier Part"; Value = "C23137"; VariantName = "[No Variations]"
Add component (AddParameter): Name = "nameAlias"; Value = "Resistance (Ohms)"; VariantName = "[No Variations]"
Add component (AddParameter): Name = "spicePre"; Value = "R"; VariantName = "[No Variations]"
Add component (AddParameter): Name = "spiceSymbolName"; Value = "0603WAF3303T5E"; VariantName = "[No Variations]"
Added Component: Designator=R15(R0603)
Add component. Clean all parameters for all variants
Add component (AddParameter): Name = "BOM_JLCPCB Part Class"; Value = "Basic Part"; VariantName = "[No Variations]"
Add component (AddParameter): Name = "BOM_Manufacturer"; Value = "UniOhm"; VariantName = "[No Variations]"
Add component (AddParameter): Name = "BOM_Manufacturer Part"; Value = "0805W8F1002T5E"; VariantName = "[No Variations]"
Add component (AddParameter): Name = "BOM_Supplier"; Value = "LCSC"; VariantName = "[No Variations]"
Add component (AddParameter): Name = "BOM_Supplier Part"; Value = "C17414"; VariantName = "[No Variations]"
Add component (AddParameter): Name = "nameAlias"; Value = "Resistance (Ohms)"; VariantName = "[No Variations]"
Add component (AddParameter): Name = "spicePre"; Value = "R"; VariantName = "[No Variations]"
Add component (AddParameter): Name = "spiceSymbolName"; Value = "0805W8F1002T5E"; VariantName = "[No Variations]"
Added Component: Designator=R16(R0603)
Add component. Clean all parameters for all variants
Add component (AddParameter): Name = "BOM_JLCPCB Part Class"; Value = "Basic Part"; VariantName = "[No Variations]"
Add component (AddParameter): Name = "BOM_Manufacturer"; Value = "UniOhm"; VariantName = "[No Variations]"
Add component (AddParameter): Name = "BOM_Manufacturer Part"; Value = "0805W8F1002T5E"; VariantName = "[No Variations]"
Add component (AddParameter): Name = "BOM_Supplier"; Value = "LCSC"; VariantName = "[No Variations]"
Add component (AddParameter): Name = "BOM_Supplier Part"; Value = "C17414"; VariantName = "[No Variations]"
Add component (AddParameter): Name = "nameAlias"; Value = "Resistance (Ohms)"; VariantName = "[No Variations]"
Add component (AddParameter): Name = "spicePre"; Value = "R"; VariantName = "[No Variations]"
Add component (AddParameter): Name = "spiceSymbolName"; Value = "0805W8F1002T5E"; VariantName = "[No Variations]"
Added Component: Designator=R17(R0603)
Add component. Clean all parameters for all variants
Add component (AddParameter): Name = "BOM_JLCPCB Part Class"; Value = "Basic Part"; VariantName = "[No Variations]"
Add component (AddParameter): Name = "BOM_Manufacturer"; Value = "UniOhm"; VariantName = "[No Variations]"
Add component (AddParameter): Name = "BOM_Manufacturer Part"; Value = "0805W8F1002T5E"; VariantName = "[No Variations]"
Add component (AddParameter): Name = "BOM_Supplier"; Value = "LCSC"; VariantName = "[No Variations]"
Add component (AddParameter): Name = "BOM_Supplier Part"; Value = "C17414"; VariantName = "[No Variations]"
Add component (AddParameter): Name = "nameAlias"; Value = "Resistance (Ohms)"; VariantName = "[No Variations]"
Add component (AddParameter): Name = "spicePre"; Value = "R"; VariantName = "[No Variations]"
Add component (AddParameter): Name = "spiceSymbolName"; Value = "0805W8F1002T5E"; VariantName = "[No Variations]"
Added Component: Designator=U3(SOT-223-4_L6.5-W3.5-P2.30-LS7.0-BR)
Add component. Clean all parameters for all variants
Add component (AddParameter): Name = "BOM_JLCPCB Part Class"; Value = "Extended Part"; VariantName = "[No Variations]"
Add component (AddParameter): Name = "BOM_Manufacturer"; Value = "KEXIN"; VariantName = "[No Variations]"
Add component (AddParameter): Name = "BOM_Manufacturer Part"; Value = "AMS1117-3.3"; VariantName = "[No Variations]"
Add component (AddParameter): Name = "BOM_Supplier"; Value = "LCSC"; VariantName = "[No Variations]"
Add component (AddParameter): Name = "BOM_Supplier Part"; Value = "C369933"; VariantName = "[No Variations]"
Add component (AddParameter): Name = "Contributor"; Value = "LCSC"; VariantName = "[No Variations]"
Add component (AddParameter): Name = "spicePre"; Value = "U"; VariantName = "[No Variations]"
Add component (AddParameter): Name = "spiceSymbolName"; Value = "AMS1117-3.3_C369933"; VariantName = "[No Variations]"
Added Pin To Net: NetName=SGND Pin=C10-1
Added Pin To Net: NetName=SGND Pin=C11-1
Added Pin To Net: NetName=SGND Pin=C12-1
Added Pin To Net: NetName=SGND Pin=C13-1
Added Pin To Net: NetName=SGND Pin=C14-1
Added Pin To Net: NetName=SGND Pin=C16-1
Added Pin To Net: NetName=SVCC_3.3 Pin=C17-1
Added Pin To Net: NetName=SGND Pin=C17-2
Added Pin To Net: NetName=SGND Pin=C18-1
Added Pin To Net: NetName=SVCC_5V Pin=C18-2
Added Pin To Net: NetName=VCC_3.3 Pin=CN2-1
Added Pin To Net: NetName=SGND Pin=D1-2
Added Pin To Net: NetName=NetLED2_2 Pin=R4-1
Added Pin To Net: NetName=VCC_3.3 Pin=R4-2
Added Pin To Net: NetName=SGND Pin=R15-1
Added Pin To Net: NetName=SGND Pin=R16-1
Added Pin To Net: NetName=SGND Pin=R17-1
Added Pin To Net: NetName=SGND Pin=U2-7
Added Pin To Net: NetName=SGND Pin=U3-1
Added Pin To Net: NetName=SVCC_3.3 Pin=U3-2
Added Pin To Net: NetName=SVCC_5V Pin=U3-3
Added Pin To Net: NetName=SVCC_3.3 Pin=U3-4
Added Pin To Net: NetName=NetC8_1 Pin=C8-1
Added Pin To Net: NetName=NetC8_1 Pin=D1-1
Added Pin To Net: NetName=NetC8_1 Pin=L1-1
Added Pin To Net: NetName=NetC8_1 Pin=U2-8
Added Net: Name=NetC8_1
Added Pin To Net: NetName=NetC8_2 Pin=C8-2
Added Pin To Net: NetName=NetC8_2 Pin=U2-1
Added Net: Name=NetC8_2
Added Pin To Net: NetName=NetC12_2 Pin=C12-2
Added Pin To Net: NetName=NetC12_2 Pin=C13-2
Added Pin To Net: NetName=NetC12_2 Pin=L1-2
Added Pin To Net: NetName=NetC12_2 Pin=R7-2
Added Net: Name=NetC12_2
Added Pin To Net: NetName=NetC14_2 Pin=C14-2
Added Pin To Net: NetName=NetC14_2 Pin=U2-4
Added Net: Name=NetC14_2
Added Pin To Net: NetName=NetC15_1 Pin=C15-1
Added Pin To Net: NetName=NetC15_1 Pin=R17-2
Added Net: Name=NetC15_1
Added Pin To Net: NetName=NetC15_2 Pin=C15-2
Added Pin To Net: NetName=NetC15_2 Pin=C16-2
Added Pin To Net: NetName=NetC15_2 Pin=U2-6
Added Net: Name=NetC15_2
Added Pin To Net: NetName=NetR7_1 Pin=R7-1
Added Pin To Net: NetName=NetR7_1 Pin=R15-2
Added Pin To Net: NetName=NetR7_1 Pin=U2-5
Added Net: Name=NetR7_1
Added Pin To Net: NetName=NetR8_1 Pin=R8-1
Added Pin To Net: NetName=NetR8_1 Pin=R16-2
Added Pin To Net: NetName=NetR8_1 Pin=U2-3
Added Net: Name=NetR8_1
Added Pin To Net: NetName=VIN Pin=C9-2
Added Pin To Net: NetName=VIN Pin=C10-2
Added Pin To Net: NetName=VIN Pin=C11-2
Added Pin To Net: NetName=VIN Pin=R8-2
Added Pin To Net: NetName=VIN Pin=U2-2
Added Net: Name=VIN
Added Member To Class: ClassName=FOC Member=Component C3 22nF
Added Member To Class: ClassName=FOC Member=Component C10 4.7uF
Added Member To Class: ClassName=FOC Member=Component C11 100nF
Added Member To Class: ClassName=FOC Member=Component C12 22uF
Added Member To Class: ClassName=FOC Member=Component C13 22uF
Added Member To Class: ClassName=FOC Member=Component C14 100nF
Added Member To Class: ClassName=FOC Member=Component C15 1.2nF
Added Member To Class: ClassName=FOC Member=Component C16 10pF
Added Member To Class: ClassName=FOC Member=Component C17 10uF
Added Member To Class: ClassName=FOC Member=Component C18 10nF
Added Member To Class: ClassName=FOC Member=Component D1 SS36
Added Member To Class: ClassName=FOC Member=Component L1 6.8uH
Added Member To Class: ClassName=FOC Member=Component R2 10K
Added Member To Class: ClassName=FOC Member=Component R11 0
Added Member To Class: ClassName=FOC Member=Component R12 0
Added Member To Class: ClassName=FOC Member=Component R13 0
Added Member To Class: ClassName=FOC Member=Component R14 0
Added Member To Class: ClassName=FOC Member=Component R15 10K
Added Member To Class: ClassName=FOC Member=Component R16 68K
Added Member To Class: ClassName=FOC Member=Component R17 30K
Added Member To Class: ClassName=FOC Member=Component SW1 UK
Added Member To Class: ClassName=FOC Member=Component U3 AMS1117-3.3_C369933
