Change Component Designator: Old Designator=C3 New Designator=C4
Change Component Designator: Old Designator=C4 New Designator=C7
Change Component Designator: Old Designator=C6 New Designator=C3
Change Component Designator: Old Designator=C7 New Designator=C6
Change Component Designator: Old Designator=CN? New Designator=CN2
Change Component Designator: Old Designator=CN? New Designator=CN3
Change Component Designator: Old Designator=R2 New Designator=R3
Change Component Designator: Old Designator=R3 New Designator=R2
Change Component Designator: Old Designator=R? New Designator=R4
Change Component Designator: Old Designator=R? New Designator=R5
Change Component Designator: Old Designator=R? New Designator=R6
Change Component Designator: Old Designator=R? New Designator=R7
Change Component Designator: Old Designator=R? New Designator=R8
Change Component Designator: Old Designator=R? New Designator=R9
Change Component Designator: Old Designator=R? New Designator=R10
Change Component Designator: Old Designator=R? New Designator=R11
Change Component Designator: Old Designator=T1 New Designator=T3
Change Component Designator: Old Designator=T2 New Designator=T4
Change Component Designator: Old Designator=T3 New Designator=T5
Change Component Designator: Old Designator=T? New Designator=T1
Change Component Designator: Old Designator=T? New Designator=T2
