Change Component Designator: OldDesignator=P? NewDesignator=P1
Change component parameters: Designator = "CN1"; Footprint = "CONN-TH_4P-P1.25_HRS_DF13-4P-1.25H-21"; UniqueID = "\IBEUYIXE"
Change component parameters. Clean all parameters for all variants
Change component parameters (AddParameter): Name = "BOM_Manufacturer"; Value = "HRS(¹ãäþ)"; VariantName = "[No Variations]"
Change component parameters (AddParameter): Name = "BOM_Manufacturer Part"; Value = "DF13-4P-1.25H(21)"; VariantName = "[No Variations]"
Change component parameters (AddParameter): Name = "BOM_Supplier"; Value = "LCSC"; VariantName = "[No Variations]"
Change component parameters (AddParameter): Name = "BOM_Supplier Part"; Value = "C597872"; VariantName = "[No Variations]"
Change component parameters (AddParameter): Name = "Contributor"; Value = "LCSC"; VariantName = "[No Variations]"
Change component parameters (AddParameter): Name = "spicePre"; Value = "C"; VariantName = "[No Variations]"
Change component parameters (AddParameter): Name = "spiceSymbolName"; Value = "DF13-4P-1.25H(21)"; VariantName = "[No Variations]"
Change component parameters: Designator = "CN2"; Footprint = "CONN-TH_4P-P1.25_HRS_DF13-4P-1.25H-21"; UniqueID = "\AZJGWYCU"
Change component parameters. Clean all parameters for all variants
Change component parameters (AddParameter): Name = "BOM_Manufacturer"; Value = "HRS(¹ãäþ)"; VariantName = "[No Variations]"
Change component parameters (AddParameter): Name = "BOM_Manufacturer Part"; Value = "DF13-4P-1.25H(21)"; VariantName = "[No Variations]"
Change component parameters (AddParameter): Name = "BOM_Supplier"; Value = "LCSC"; VariantName = "[No Variations]"
Change component parameters (AddParameter): Name = "BOM_Supplier Part"; Value = "C597872"; VariantName = "[No Variations]"
Change component parameters (AddParameter): Name = "Contributor"; Value = "LCSC"; VariantName = "[No Variations]"
Change component parameters (AddParameter): Name = "spicePre"; Value = "C"; VariantName = "[No Variations]"
Change component parameters (AddParameter): Name = "spiceSymbolName"; Value = "DF13-4P-1.25H(21)"; VariantName = "[No Variations]"
Change component parameters: Designator = "CN3"; Footprint = "CONN-TH_4P-P1.25_HRS_DF13-4P-1.25H-21"; UniqueID = "\QIDBROUI"
Change component parameters. Clean all parameters for all variants
Change component parameters (AddParameter): Name = "BOM_Manufacturer"; Value = "HRS(¹ãäþ)"; VariantName = "[No Variations]"
Change component parameters (AddParameter): Name = "BOM_Manufacturer Part"; Value = "DF13-4P-1.25H(21)"; VariantName = "[No Variations]"
Change component parameters (AddParameter): Name = "BOM_Supplier"; Value = "LCSC"; VariantName = "[No Variations]"
Change component parameters (AddParameter): Name = "BOM_Supplier Part"; Value = "C597872"; VariantName = "[No Variations]"
Change component parameters (AddParameter): Name = "Contributor"; Value = "LCSC"; VariantName = "[No Variations]"
Change component parameters (AddParameter): Name = "spicePre"; Value = "C"; VariantName = "[No Variations]"
Change component parameters (AddParameter): Name = "spiceSymbolName"; Value = "DF13-4P-1.25H(21)"; VariantName = "[No Variations]"
Change component parameters: Designator = "LED1"; Footprint = "LED0603-RD"; UniqueID = "\PQCCKTDU"
Change component parameters. Clean all parameters for all variants
Change component parameters (AddParameter): Name = "BOM_JLCPCB Part Class"; Value = "Extended Part"; VariantName = "[No Variations]"
Change component parameters (AddParameter): Name = "BOM_Manufacturer"; Value = "ROHM(ÂÞÄ·)"; VariantName = "[No Variations]"
Change component parameters (AddParameter): Name = "BOM_Manufacturer Part"; Value = "SML-D12U8WT86"; VariantName = "[No Variations]"
Change component parameters (AddParameter): Name = "BOM_Supplier"; Value = "LCSC"; VariantName = "[No Variations]"
Change component parameters (AddParameter): Name = "BOM_Supplier Part"; Value = "C510027"; VariantName = "[No Variations]"
Change component parameters (AddParameter): Name = "Contributor"; Value = "LCSC"; VariantName = "[No Variations]"
Change component parameters (AddParameter): Name = "spicePre"; Value = "L"; VariantName = "[No Variations]"
Change component parameters (AddParameter): Name = "spiceSymbolName"; Value = "SML-D12U8WT86"; VariantName = "[No Variations]"
Change component parameters: Designator = "LED2"; Footprint = "LED0603-RD"; UniqueID = "\CETVKPNX"
Change component parameters. Clean all parameters for all variants
Change component parameters (AddParameter): Name = "BOM_JLCPCB Part Class"; Value = "Extended Part"; VariantName = "[No Variations]"
Change component parameters (AddParameter): Name = "BOM_Manufacturer"; Value = "ROHM(ÂÞÄ·)"; VariantName = "[No Variations]"
Change component parameters (AddParameter): Name = "BOM_Manufacturer Part"; Value = "SML-D12U8WT86"; VariantName = "[No Variations]"
Change component parameters (AddParameter): Name = "BOM_Supplier"; Value = "LCSC"; VariantName = "[No Variations]"
Change component parameters (AddParameter): Name = "BOM_Supplier Part"; Value = "C510027"; VariantName = "[No Variations]"
Change component parameters (AddParameter): Name = "Contributor"; Value = "LCSC"; VariantName = "[No Variations]"
Change component parameters (AddParameter): Name = "spicePre"; Value = "L"; VariantName = "[No Variations]"
Change component parameters (AddParameter): Name = "spiceSymbolName"; Value = "SML-D12U8WT86"; VariantName = "[No Variations]"
