Removed Pin From Net: NetName=SVCC_3.3 Pin=C1-1
Removed Pin From Net: NetName=SGND Pin=C1-2
Removed Pin From Net: NetName=SVCC_3.3 Pin=C2-1
Removed Pin From Net: NetName=SGND Pin=C2-2
Removed Pin From Net: NetName=RST Pin=C3-1
Removed Pin From Net: NetName=SGND Pin=C3-2
Removed Pin From Net: NetName=SVCC_3.3 Pin=C4-1
Removed Pin From Net: NetName=SGND Pin=C4-2
Removed Pin From Net: NetName=SVCC_3.3 Pin=C7-1
Removed Pin From Net: NetName=SGND Pin=C7-2
Removed Pin From Net: NetName=I2C1_SCL Pin=i1-1
Removed Pin From Net: NetName=I2C1_SDA Pin=i1-2
Removed Pin From Net: NetName=SGND Pin=i1-3
Removed Pin From Net: NetName=SVCC_3.3 Pin=i1-4
Removed Pin From Net: NetName=SGND Pin=i1-5
Removed Pin From Net: NetName=SGND Pin=i1-6
Removed Pin From Net: NetName=SGND Pin=LED1-2
Removed Pin From Net: NetName=SWCLK Pin=swd1-1
Removed Pin From Net: NetName=SVCC_3.3 Pin=swd1-2
Removed Pin From Net: NetName=SGND Pin=swd1-3
Removed Pin From Net: NetName=SWDIO Pin=swd1-4
Removed Pin From Net: NetName=SGND Pin=swd1-5
Removed Pin From Net: NetName=SGND Pin=swd1-6
Removed Pin From Net: NetName=VCC_5V Pin=uart1-1
Removed Pin From Net: NetName=SGND Pin=uart1-2
Removed Pin From Net: NetName=UART1_RX Pin=uart1-3
Removed Pin From Net: NetName=UART1_TX Pin=uart1-4
Removed Pin From Net: NetName=SGND Pin=uart1-5
Removed Pin From Net: NetName=SGND Pin=uart1-6
Removed Member From Class: ClassName=C_FOC Member=i1
Removed Member From Class: ClassName=C_FOC Member=swd1
Removed Member From Class: ClassName=C_FOC Member=uart1
Change Component Footprint: Designator=LED1 Old Footprint=LED0805-R-RD New Footprint=LED0603-RD
Change Component Footprint: Designator=R6 Old Footprint=R0603 New Footprint=C0603
Change Component Comment : Designator=R4 Old Comment=0R New Comment=0
Change Component Comment : Designator=R5 Old Comment=0R New Comment=0
Change Component Comment : Designator=R7 Old Comment=0R New Comment=0
Change Component Comment : Designator=R8 Old Comment=0R New Comment=0
Change Component Comment : Designator=R9 Old Comment=0R New Comment=0
Change Component Comment : Designator=R6 Old Comment=0R New Comment=330
Change Component Comment : Designator=C5 Old Comment=22PF New Comment=22nF
Change Component Comment : Designator=C6 Old Comment=22PF New Comment=22nF
Change Component Comment : Designator=C1 Old Comment=22uF New Comment=22nF
Change Component Comment : Designator=C2 Old Comment=22uF New Comment=22nF
Change Component Comment : Designator=C3 Old Comment=22uF New Comment=22nF
Change Component Comment : Designator=C4 Old Comment=22uF New Comment=22nF
Change Component Comment : Designator=C7 Old Comment=22uF New Comment=22nF
Change Component Comment : Designator=R2 Old Comment=330R New Comment=330
Change Component Comment : Designator=LED1 Old Comment=led New Comment=SML-D12U8WT86
Change Component Designator: OldDesignator=R10 NewDesignator=R11
Change Component Designator: OldDesignator=R11 NewDesignator=R12
Change component parameters: Designator = "LED1"; Footprint = "LED0603-RD"; UniqueID = "\PQCCKTDU"
Change component parameters. Clean all parameters for all variants
Change component parameters (AddParameter): Name = "BOM_JLCPCB Part Class"; Value = "Extended Part"; VariantName = "[No Variations]"
Change component parameters (AddParameter): Name = "BOM_Manufacturer"; Value = "ROHM(ÂÞÄ·)"; VariantName = "[No Variations]"
Change component parameters (AddParameter): Name = "BOM_Manufacturer Part"; Value = "SML-D12U8WT86"; VariantName = "[No Variations]"
Change component parameters (AddParameter): Name = "BOM_Supplier"; Value = "LCSC"; VariantName = "[No Variations]"
Change component parameters (AddParameter): Name = "BOM_Supplier Part"; Value = "C510027"; VariantName = "[No Variations]"
Change component parameters (AddParameter): Name = "Contributor"; Value = "LCSC"; VariantName = "[No Variations]"
Change component parameters (AddParameter): Name = "spicePre"; Value = "L"; VariantName = "[No Variations]"
Change component parameters (AddParameter): Name = "spiceSymbolName"; Value = "SML-D12U8WT86"; VariantName = "[No Variations]"
Added Component: Designator=C8(CAP-SMD_L3.2-W1.6-RD)
Add component. Clean all parameters for all variants
Add component (AddParameter): Name = "BOM_JLCPCB Part Class"; Value = "Extended Part"; VariantName = "[No Variations]"
Add component (AddParameter): Name = "BOM_Manufacturer"; Value = "Xiangyee"; VariantName = "[No Variations]"
Add component (AddParameter): Name = "BOM_Manufacturer Part"; Value = "CA45-A016K106T"; VariantName = "[No Variations]"
Add component (AddParameter): Name = "BOM_Supplier"; Value = "LCSC"; VariantName = "[No Variations]"
Add component (AddParameter): Name = "BOM_Supplier Part"; Value = "C119051"; VariantName = "[No Variations]"
Add component (AddParameter): Name = "Contributor"; Value = "LCSC"; VariantName = "[No Variations]"
Add component (AddParameter): Name = "nameAlias"; Value = "Capacitance"; VariantName = "[No Variations]"
Add component (AddParameter): Name = "spicePre"; Value = "C"; VariantName = "[No Variations]"
Add component (AddParameter): Name = "spiceSymbolName"; Value = "CA45-A016K106T"; VariantName = "[No Variations]"
Added Component: Designator=C9(C0603)
Add component. Clean all parameters for all variants
Add component (AddParameter): Name = "BOM_JLCPCB Part Class"; Value = "Extended Part"; VariantName = "[No Variations]"
Add component (AddParameter): Name = "BOM_Manufacturer"; Value = "YAGEO"; VariantName = "[No Variations]"
Add component (AddParameter): Name = "BOM_Manufacturer Part"; Value = "CC0805KRX7R9BB103"; VariantName = "[No Variations]"
Add component (AddParameter): Name = "BOM_Supplier"; Value = "LCSC"; VariantName = "[No Variations]"
Add component (AddParameter): Name = "BOM_Supplier Part"; Value = "C83170"; VariantName = "[No Variations]"
Add component (AddParameter): Name = "nameAlias"; Value = "Capacitance"; VariantName = "[No Variations]"
Add component (AddParameter): Name = "spicePre"; Value = "C"; VariantName = "[No Variations]"
Add component (AddParameter): Name = "spiceSymbolName"; Value = "CC0805KRX7R9BB103"; VariantName = "[No Variations]"
Added Component: Designator=CN1(CONN-TH_4P-P1.25_HRS_DF13-4P-1.25H-21)
Add component. Clean all parameters for all variants
Add component (AddParameter): Name = "BOM_Manufacturer"; Value = "HRS(¹ãäþ)"; VariantName = "[No Variations]"
Add component (AddParameter): Name = "BOM_Manufacturer Part"; Value = "DF13-4P-1.25H(21)"; VariantName = "[No Variations]"
Add component (AddParameter): Name = "BOM_Supplier"; Value = "LCSC"; VariantName = "[No Variations]"
Add component (AddParameter): Name = "BOM_Supplier Part"; Value = "C597872"; VariantName = "[No Variations]"
Add component (AddParameter): Name = "Contributor"; Value = "LCSC"; VariantName = "[No Variations]"
Add component (AddParameter): Name = "spicePre"; Value = "C"; VariantName = "[No Variations]"
Add component (AddParameter): Name = "spiceSymbolName"; Value = "DF13-4P-1.25H(21)"; VariantName = "[No Variations]"
Added Component: Designator=CN2(CONN-TH_4P-P1.25_HRS_DF13-4P-1.25H-21)
Add component. Clean all parameters for all variants
Add component (AddParameter): Name = "BOM_Manufacturer"; Value = "HRS(¹ãäþ)"; VariantName = "[No Variations]"
Add component (AddParameter): Name = "BOM_Manufacturer Part"; Value = "DF13-4P-1.25H(21)"; VariantName = "[No Variations]"
Add component (AddParameter): Name = "BOM_Supplier"; Value = "LCSC"; VariantName = "[No Variations]"
Add component (AddParameter): Name = "BOM_Supplier Part"; Value = "C597872"; VariantName = "[No Variations]"
Add component (AddParameter): Name = "Contributor"; Value = "LCSC"; VariantName = "[No Variations]"
Add component (AddParameter): Name = "spicePre"; Value = "C"; VariantName = "[No Variations]"
Add component (AddParameter): Name = "spiceSymbolName"; Value = "DF13-4P-1.25H(21)"; VariantName = "[No Variations]"
Added Component: Designator=CN3(CONN-TH_4P-P1.25_HRS_DF13-4P-1.25H-21)
Add component. Clean all parameters for all variants
Add component (AddParameter): Name = "BOM_Manufacturer"; Value = "HRS(¹ãäþ)"; VariantName = "[No Variations]"
Add component (AddParameter): Name = "BOM_Manufacturer Part"; Value = "DF13-4P-1.25H(21)"; VariantName = "[No Variations]"
Add component (AddParameter): Name = "BOM_Supplier"; Value = "LCSC"; VariantName = "[No Variations]"
Add component (AddParameter): Name = "BOM_Supplier Part"; Value = "C597872"; VariantName = "[No Variations]"
Add component (AddParameter): Name = "Contributor"; Value = "LCSC"; VariantName = "[No Variations]"
Add component (AddParameter): Name = "spicePre"; Value = "C"; VariantName = "[No Variations]"
Add component (AddParameter): Name = "spiceSymbolName"; Value = "DF13-4P-1.25H(21)"; VariantName = "[No Variations]"
Added Component: Designator=LED2(LED0603-RD)
Add component. Clean all parameters for all variants
Add component (AddParameter): Name = "BOM_JLCPCB Part Class"; Value = "Extended Part"; VariantName = "[No Variations]"
Add component (AddParameter): Name = "BOM_Manufacturer"; Value = "ROHM(ÂÞÄ·)"; VariantName = "[No Variations]"
Add component (AddParameter): Name = "BOM_Manufacturer Part"; Value = "SML-D12U8WT86"; VariantName = "[No Variations]"
Add component (AddParameter): Name = "BOM_Supplier"; Value = "LCSC"; VariantName = "[No Variations]"
Add component (AddParameter): Name = "BOM_Supplier Part"; Value = "C510027"; VariantName = "[No Variations]"
Add component (AddParameter): Name = "Contributor"; Value = "LCSC"; VariantName = "[No Variations]"
Add component (AddParameter): Name = "spicePre"; Value = "L"; VariantName = "[No Variations]"
Add component (AddParameter): Name = "spiceSymbolName"; Value = "SML-D12U8WT86"; VariantName = "[No Variations]"
Added Component: Designator=R10(R0603)
Add component. Clean all parameters for all variants
Add component (AddParameter): Name = "BOM_JLCPCB Part Class"; Value = "Basic Part"; VariantName = "[No Variations]"
Add component (AddParameter): Name = "BOM_Manufacturer"; Value = "UniOhm"; VariantName = "[No Variations]"
Add component (AddParameter): Name = "BOM_Manufacturer Part"; Value = "0805W8F1002T5E"; VariantName = "[No Variations]"
Add component (AddParameter): Name = "BOM_Supplier"; Value = "LCSC"; VariantName = "[No Variations]"
Add component (AddParameter): Name = "BOM_Supplier Part"; Value = "C17414"; VariantName = "[No Variations]"
Add component (AddParameter): Name = "nameAlias"; Value = "Resistance (Ohms)"; VariantName = "[No Variations]"
Add component (AddParameter): Name = "spicePre"; Value = "R"; VariantName = "[No Variations]"
Add component (AddParameter): Name = "spiceSymbolName"; Value = "0805W8F1002T5E"; VariantName = "[No Variations]"
Added Pin To Net: NetName=SGND Pin=C1-1
Added Pin To Net: NetName=SVCC_3.3 Pin=C1-2
Added Pin To Net: NetName=SGND Pin=C2-1
Added Pin To Net: NetName=SVCC_3.3 Pin=C2-2
Added Pin To Net: NetName=SGND Pin=C3-1
Added Pin To Net: NetName=RST Pin=C3-2
Added Pin To Net: NetName=SGND Pin=C4-1
Added Pin To Net: NetName=SVCC_3.3 Pin=C4-2
Added Pin To Net: NetName=SGND Pin=C7-1
Added Pin To Net: NetName=SVCC_3.3 Pin=C7-2
Added Pin To Net: NetName=SVCC_3.3 Pin=C8-1
Added Pin To Net: NetName=SGND Pin=C8-2
Added Pin To Net: NetName=SGND Pin=C9-1
Added Pin To Net: NetName=SVCC_5V Pin=C9-2
Added Pin To Net: NetName=SWCLK Pin=CN1-1
Added Pin To Net: NetName=SVCC_3.3 Pin=CN1-2
Added Pin To Net: NetName=SGND Pin=CN1-3
Added Pin To Net: NetName=SWDIO Pin=CN1-4
Added Pin To Net: NetName=SGND Pin=CN1-5
Added Pin To Net: NetName=SGND Pin=CN1-6
Added Pin To Net: NetName=I2C1_SCL Pin=CN2-1
Added Pin To Net: NetName=I2C1_SDA Pin=CN2-2
Added Pin To Net: NetName=SGND Pin=CN2-3
Added Pin To Net: NetName=SVCC_3.3 Pin=CN2-4
Added Pin To Net: NetName=SGND Pin=CN2-5
Added Pin To Net: NetName=SGND Pin=CN2-6
Added Pin To Net: NetName=VCC_5V Pin=CN3-1
Added Pin To Net: NetName=SGND Pin=CN3-2
Added Pin To Net: NetName=UART1_RX Pin=CN3-3
Added Pin To Net: NetName=UART1_TX Pin=CN3-4
Added Pin To Net: NetName=SGND Pin=CN3-5
Added Pin To Net: NetName=SGND Pin=CN3-6
Added Pin To Net: NetName=SGND Pin=LED1-1
Added Pin To Net: NetName=GND Pin=LED2-1
Change Net Name : Old Net Name=ADC1 New Net Name=VCC_3.3
Change Net Name : Old Net Name=ADC2 New Net Name=PWM2
Change Net Name : Old Net Name=I_Y New Net Name=M_IN2
Change Net Name : Old Net Name=M_IN2 New Net Name=I_X
Change Net Name : Old Net Name=M_IN3 New Net Name=I_Y
Change Net Name : Old Net Name=PWM2 New Net Name=ADC1
Change Net Name : Old Net Name=PWM3 New Net Name=ADC2
Added Pin To Net: NetName=M_IN3 Pin=R10-1
Added Net: Name=M_IN3
Added Pin To Net: NetName=NetLED1_2 Pin=LED1-2
Added Pin To Net: NetName=NetLED1_2 Pin=R2-1
Added Net: Name=NetLED1_2
Added Pin To Net: NetName=NetLED2_2 Pin=LED2-2
Added Pin To Net: NetName=NetLED2_2 Pin=R6-1
Added Net: Name=NetLED2_2
Added Pin To Net: NetName=PWM3 Pin=R10-2
Added Net: Name=PWM3
Change Class Name : Old Net Name=C_FOC New Net Name=FOC
Added Member To Class: ClassName=FOC Member=Component C8 10uF
Added Member To Class: ClassName=FOC Member=Component C9 10uF
Added Member To Class: ClassName=FOC Member=Component CN1 GH1.25_4P
Added Member To Class: ClassName=FOC Member=Component CN2 GH1.25_4P
Added Member To Class: ClassName=FOC Member=Component CN3 GH1.25_4P
Added Member To Class: ClassName=FOC Member=Component LED2 SML-D12U8WT86
Added Member To Class: ClassName=FOC Member=Component R12 10K
