Replace Part C1 22nF in C:\Users\20180\Documents\PersonalProject\FOC\SCH\FOC.SchDoc with 22nF from FOC.SchLib
Replace Part C2 22nF in C:\Users\20180\Documents\PersonalProject\FOC\SCH\FOC.SchDoc with 22nF from FOC.SchLib
Replace Part C3 22nF in C:\Users\20180\Documents\PersonalProject\FOC\SCH\FOC.SchDoc with 22nF from FOC.SchLib
Replace Part C4 22nF in C:\Users\20180\Documents\PersonalProject\FOC\SCH\FOC.SchDoc with 22nF from FOC.SchLib
Replace Part C5 22nF in C:\Users\20180\Documents\PersonalProject\FOC\SCH\FOC.SchDoc with 22nF from FOC.SchLib
Replace Part C6 22nF in C:\Users\20180\Documents\PersonalProject\FOC\SCH\FOC.SchDoc with 22nF from FOC.SchLib
Replace Part C7 22nF in C:\Users\20180\Documents\PersonalProject\FOC\SCH\FOC.SchDoc with 22nF from FOC.SchLib
Replace Part C8 22nF in C:\Users\20180\Documents\PersonalProject\FOC\SCH\FOC.SchDoc with 22nF from FOC.SchLib
Replace Part C9 10nF in C:\Users\20180\Documents\PersonalProject\FOC\SCH\FOC.SchDoc with 10nF from FOC.SchLib
Replace Part C10 10nF in C:\Users\20180\Documents\PersonalProject\FOC\SCH\FOC.SchDoc with 10nF from FOC.SchLib
Replace Part C11 10nF in C:\Users\20180\Documents\PersonalProject\FOC\SCH\FOC.SchDoc with 10nF from FOC.SchLib
Replace Part C12 22PF in C:\Users\20180\Documents\PersonalProject\FOC\SCH\FOC.SchDoc with 22PF from FOC.SchLib
Replace Part C13 22nF in C:\Users\20180\Documents\PersonalProject\FOC\SCH\FOC.SchDoc with 22nF from FOC.SchLib
Replace Part C15 22nF in C:\Users\20180\Documents\PersonalProject\FOC\SCH\FOC.SchDoc with 22nF from FOC.SchLib
Replace Part C16 22nF in C:\Users\20180\Documents\PersonalProject\FOC\SCH\FOC.SchDoc with 22nF from FOC.SchLib
Replace Part C17 10uF in C:\Users\20180\Documents\PersonalProject\FOC\SCH\FOC.SchDoc with 10uF from FOC.SchLib
Replace Part C18 10nF in C:\Users\20180\Documents\PersonalProject\FOC\SCH\FOC.SchDoc with 10nF from FOC.SchLib
Replace Part C? 22nF in C:\Users\20180\Documents\PersonalProject\FOC\SCH\FOC.SchDoc with 22nF from FOC.SchLib
Replace Part CN1 GH1.25_4P in C:\Users\20180\Documents\PersonalProject\FOC\SCH\FOC.SchDoc with GH1.25_4P from FOC.SchLib
Replace Part CN2 GH1.25_4P in C:\Users\20180\Documents\PersonalProject\FOC\SCH\FOC.SchDoc with GH1.25_4P from FOC.SchLib
Replace Part CN3 GH1.25_4P in C:\Users\20180\Documents\PersonalProject\FOC\SCH\FOC.SchDoc with GH1.25_4P from FOC.SchLib
Replace Part D1 SS36 in C:\Users\20180\Documents\PersonalProject\FOC\SCH\FOC.SchDoc with SS36 from FOC.SchLib
Replace Part L1 6.8uH in C:\Users\20180\Documents\PersonalProject\FOC\SCH\FOC.SchDoc with 6.8uH from FOC.SchLib
Replace Part LED1 LED_1 in C:\Users\20180\Documents\PersonalProject\FOC\SCH\FOC.SchDoc with LED_1 from FOC.SchLib
Replace Part LED2 LED_1 in C:\Users\20180\Documents\PersonalProject\FOC\SCH\FOC.SchDoc with LED_1 from FOC.SchLib
Replace Part R1 330 in C:\Users\20180\Documents\PersonalProject\FOC\SCH\FOC.SchDoc with 330 from FOC.SchLib
Replace Part R2 10K in C:\Users\20180\Documents\PersonalProject\FOC\SCH\FOC.SchDoc with 10K from FOC.SchLib
Replace Part R3 10K in C:\Users\20180\Documents\PersonalProject\FOC\SCH\FOC.SchDoc with 10K from FOC.SchLib
Replace Part R4 330 in C:\Users\20180\Documents\PersonalProject\FOC\SCH\FOC.SchDoc with 330 from FOC.SchLib
Replace Part R5 0 in C:\Users\20180\Documents\PersonalProject\FOC\SCH\FOC.SchDoc with 0 from FOC.SchLib
Replace Part R6 0 in C:\Users\20180\Documents\PersonalProject\FOC\SCH\FOC.SchDoc with 0 from FOC.SchLib
Replace Part R7 330K in C:\Users\20180\Documents\PersonalProject\FOC\SCH\FOC.SchDoc with 330K from FOC.SchLib
Replace Part R8 330K in C:\Users\20180\Documents\PersonalProject\FOC\SCH\FOC.SchDoc with 330K from FOC.SchLib
Replace Part R9 10K in C:\Users\20180\Documents\PersonalProject\FOC\SCH\FOC.SchDoc with 10K from FOC.SchLib
Replace Part R10 10K in C:\Users\20180\Documents\PersonalProject\FOC\SCH\FOC.SchDoc with 10K from FOC.SchLib
Replace Part R11 0 in C:\Users\20180\Documents\PersonalProject\FOC\SCH\FOC.SchDoc with 0 from FOC.SchLib
Replace Part R12 0 in C:\Users\20180\Documents\PersonalProject\FOC\SCH\FOC.SchDoc with 0 from FOC.SchLib
Replace Part R13 0 in C:\Users\20180\Documents\PersonalProject\FOC\SCH\FOC.SchDoc with 0 from FOC.SchLib
Replace Part R14 0 in C:\Users\20180\Documents\PersonalProject\FOC\SCH\FOC.SchDoc with 0 from FOC.SchLib
Replace Part R15 330K in C:\Users\20180\Documents\PersonalProject\FOC\SCH\FOC.SchDoc with 330K from FOC.SchLib
Replace Part R16 330K in C:\Users\20180\Documents\PersonalProject\FOC\SCH\FOC.SchDoc with 330K from FOC.SchLib
Replace Part R17 330K in C:\Users\20180\Documents\PersonalProject\FOC\SCH\FOC.SchDoc with 330K from FOC.SchLib
Replace Part S1 SWITCH in C:\Users\20180\Documents\PersonalProject\FOC\SCH\FOC.SchDoc with SWITCH from FOC.SchLib
Replace Part SW1 UK-B0205G43-DP25Y in C:\Users\20180\Documents\PersonalProject\FOC\SCH\FOC.SchDoc with UK-B0205G43-DP25Y from FOC.SchLib
Replace Part U1 STM32F103C8T6 in C:\Users\20180\Documents\PersonalProject\FOC\SCH\FOC.SchDoc with STM32F103C8T6 from FOC.SchLib
Replace Part U2 TPS54331DR in C:\Users\20180\Documents\PersonalProject\FOC\SCH\FOC.SchDoc with TPS54331DR from FOC.SchLib
Replace Part U3 AMS1117-3.3_C369933 in C:\Users\20180\Documents\PersonalProject\FOC\SCH\FOC.SchDoc with AMS1117-3.3_C369933 from FOC.SchLib
Replace Part X1 8MHz in C:\Users\20180\Documents\PersonalProject\FOC\SCH\FOC.SchDoc with 8MHz from FOC.SchLib
