Added Component: Designator=P2(CONN-TH_3P-P5.00_WJ126V-5.0-3P)
Add component. Clean all parameters for all variants
Add component (AddParameter): Name = "BOM_JLCPCB Part Class"; Value = "Extended Part"; VariantName = "[No Variations]"
Add component (AddParameter): Name = "BOM_Manufacturer"; Value = "ReliaPro"; VariantName = "[No Variations]"
Add component (AddParameter): Name = "BOM_Manufacturer Part"; Value = "WJ126V-5.0-3P"; VariantName = "[No Variations]"
Add component (AddParameter): Name = "BOM_Supplier"; Value = "LCSC"; VariantName = "[No Variations]"
Add component (AddParameter): Name = "BOM_Supplier Part"; Value = "C8401"; VariantName = "[No Variations]"
Add component (AddParameter): Name = "spicePre"; Value = "P"; VariantName = "[No Variations]"
Add component (AddParameter): Name = "spiceSymbolName"; Value = "WJ126V-5.0-3P"; VariantName = "[No Variations]"
Added Component: Designator=R18(R0603)
Add component. Clean all parameters for all variants
Add component (AddParameter): Name = "BOM_JLCPCB Part Class"; Value = "Basic Part"; VariantName = "[No Variations]"
Add component (AddParameter): Name = "BOM_Manufacturer"; Value = "UniOhm"; VariantName = "[No Variations]"
Add component (AddParameter): Name = "BOM_Manufacturer Part"; Value = "0805W8F1002T5E"; VariantName = "[No Variations]"
Add component (AddParameter): Name = "BOM_Supplier"; Value = "LCSC"; VariantName = "[No Variations]"
Add component (AddParameter): Name = "BOM_Supplier Part"; Value = "C17414"; VariantName = "[No Variations]"
Add component (AddParameter): Name = "nameAlias"; Value = "Resistance (Ohms)"; VariantName = "[No Variations]"
Add component (AddParameter): Name = "spicePre"; Value = "R"; VariantName = "[No Variations]"
Add component (AddParameter): Name = "spiceSymbolName"; Value = "0805W8F1002T5E"; VariantName = "[No Variations]"
Added Component: Designator=R19(R0603)
Add component. Clean all parameters for all variants
Add component (AddParameter): Name = "BOM_JLCPCB Part Class"; Value = "Basic Part"; VariantName = "[No Variations]"
Add component (AddParameter): Name = "BOM_Manufacturer"; Value = "UniOhm"; VariantName = "[No Variations]"
Add component (AddParameter): Name = "BOM_Manufacturer Part"; Value = "0805W8F1002T5E"; VariantName = "[No Variations]"
Add component (AddParameter): Name = "BOM_Supplier"; Value = "LCSC"; VariantName = "[No Variations]"
Add component (AddParameter): Name = "BOM_Supplier Part"; Value = "C17414"; VariantName = "[No Variations]"
Add component (AddParameter): Name = "nameAlias"; Value = "Resistance (Ohms)"; VariantName = "[No Variations]"
Add component (AddParameter): Name = "spicePre"; Value = "R"; VariantName = "[No Variations]"
Add component (AddParameter): Name = "spiceSymbolName"; Value = "0805W8F1002T5E"; VariantName = "[No Variations]"
Added Component: Designator=R20(R0603)
Add component. Clean all parameters for all variants
Add component (AddParameter): Name = "BOM_JLCPCB Part Class"; Value = "Basic Part"; VariantName = "[No Variations]"
Add component (AddParameter): Name = "BOM_Manufacturer"; Value = "UniOhm"; VariantName = "[No Variations]"
Add component (AddParameter): Name = "BOM_Manufacturer Part"; Value = "0805W8F1002T5E"; VariantName = "[No Variations]"
Add component (AddParameter): Name = "BOM_Supplier"; Value = "LCSC"; VariantName = "[No Variations]"
Add component (AddParameter): Name = "BOM_Supplier Part"; Value = "C17414"; VariantName = "[No Variations]"
Add component (AddParameter): Name = "nameAlias"; Value = "Resistance (Ohms)"; VariantName = "[No Variations]"
Add component (AddParameter): Name = "spicePre"; Value = "R"; VariantName = "[No Variations]"
Add component (AddParameter): Name = "spiceSymbolName"; Value = "0805W8F1002T5E"; VariantName = "[No Variations]"
Added Component: Designator=U5(SOIC-8_L4.9-W3.9-P1.27-LS6.0-BL)
Add component. Clean all parameters for all variants
Add component (AddParameter): Name = "BOM_JLCPCB Part Class"; Value = "Extended Part"; VariantName = "[No Variations]"
Add component (AddParameter): Name = "BOM_Manufacturer"; Value = "TI(德州仪器)"; VariantName = "[No Variations]"
Add component (AddParameter): Name = "BOM_Manufacturer Part"; Value = "INA240A2DR"; VariantName = "[No Variations]"
Add component (AddParameter): Name = "BOM_Supplier"; Value = "LCSC"; VariantName = "[No Variations]"
Add component (AddParameter): Name = "BOM_Supplier Part"; Value = "C2060768"; VariantName = "[No Variations]"
Add component (AddParameter): Name = "Contributor"; Value = "LCSC"; VariantName = "[No Variations]"
Add component (AddParameter): Name = "spicePre"; Value = "U"; VariantName = "[No Variations]"
Add component (AddParameter): Name = "spiceSymbolName"; Value = "INA240A2DR"; VariantName = "[No Variations]"
Added Component: Designator=U6(SOIC-8_L4.9-W3.9-P1.27-LS6.0-BL)
Add component. Clean all parameters for all variants
Add component (AddParameter): Name = "BOM_JLCPCB Part Class"; Value = "Extended Part"; VariantName = "[No Variations]"
Add component (AddParameter): Name = "BOM_Manufacturer"; Value = "TI(德州仪器)"; VariantName = "[No Variations]"
Add component (AddParameter): Name = "BOM_Manufacturer Part"; Value = "INA240A2DR"; VariantName = "[No Variations]"
Add component (AddParameter): Name = "BOM_Supplier"; Value = "LCSC"; VariantName = "[No Variations]"
Add component (AddParameter): Name = "BOM_Supplier Part"; Value = "C2060768"; VariantName = "[No Variations]"
Add component (AddParameter): Name = "Contributor"; Value = "LCSC"; VariantName = "[No Variations]"
Add component (AddParameter): Name = "spicePre"; Value = "U"; VariantName = "[No Variations]"
Add component (AddParameter): Name = "spiceSymbolName"; Value = "INA240A2DR"; VariantName = "[No Variations]"
Added Pin To Net: NetName=M_OUT1 Pin=R18-2
Added Pin To Net: NetName=M_OUT2 Pin=R19-2
Added Pin To Net: NetName=M_OUT2 Pin=R20-2
Added Pin To Net: NetName=SGND Pin=U5-2
Added Pin To Net: NetName=SVCC_3.3 Pin=U5-3
Added Pin To Net: NetName=SGND Pin=U5-4
Added Pin To Net: NetName=I_X Pin=U5-5
Added Pin To Net: NetName=SVCC_3.3 Pin=U5-6
Added Pin To Net: NetName=SGND Pin=U5-7
Added Pin To Net: NetName=M_OUT1 Pin=U5-8
Added Pin To Net: NetName=SGND Pin=U6-2
Added Pin To Net: NetName=SVCC_3.3 Pin=U6-3
Added Pin To Net: NetName=SGND Pin=U6-4
Added Pin To Net: NetName=I_Y Pin=U6-5
Added Pin To Net: NetName=SVCC_3.3 Pin=U6-6
Added Pin To Net: NetName=SGND Pin=U6-7
Added Pin To Net: NetName=M_OUT2 Pin=U6-8
Added Pin To Net: NetName=M_X Pin=P2-3
Added Pin To Net: NetName=M_X Pin=R18-1
Added Pin To Net: NetName=M_X Pin=U5-1
Added Net: Name=M_X
Added Pin To Net: NetName=M_Y Pin=P2-2
Added Pin To Net: NetName=M_Y Pin=R19-1
Added Pin To Net: NetName=M_Y Pin=R20-1
Added Pin To Net: NetName=M_Y Pin=U6-1
Added Net: Name=M_Y
Added Pin To Net: NetName=M_Z Pin=P2-1
Added Net: Name=M_Z
Added Member To Class: ClassName=M_FOC Member=Component P2 WJ126V-5.0-3P
Added Member To Class: ClassName=M_FOC Member=Component R18 0.1
Added Member To Class: ClassName=M_FOC Member=Component R19 0.1
Added Member To Class: ClassName=M_FOC Member=Component R20 0.1
Added Member To Class: ClassName=M_FOC Member=Component U5 INA240A2DR
Added Member To Class: ClassName=M_FOC Member=Component U6 INA240A2DR
