Change Component Designator: Old Designator=C1 New Designator=C8
Change Component Designator: Old Designator=C2 New Designator=C9
Change Component Designator: Old Designator=C3 New Designator=C10
Change Component Designator: Old Designator=C4 New Designator=C11
Change Component Designator: Old Designator=C5 New Designator=C14
Change Component Designator: Old Designator=C6 New Designator=C15
Change Component Designator: Old Designator=C7 New Designator=C12
Change Component Designator: Old Designator=C8 New Designator=C13
Change Component Designator: Old Designator=C9 New Designator=C16
Change Component Designator: Old Designator=C10 New Designator=C17
Change Component Designator: Old Designator=C11 New Designator=C18
Change Component Designator: Old Designator=C12 New Designator=C19
Change Component Designator: Old Designator=C14 New Designator=C20
Change Component Designator: Old Designator=C16 New Designator=C21
Change Component Designator: Old Designator=C18 New Designator=C22
Change Component Designator: Old Designator=C19 New Designator=C23
Change Component Designator: Old Designator=LED1 New Designator=LED2
Change Component Designator: Old Designator=P1 New Designator=P2
Change Component Designator: Old Designator=P3 New Designator=P1
Change Component Designator: Old Designator=R1 New Designator=R12
Change Component Designator: Old Designator=R2 New Designator=R13
Change Component Designator: Old Designator=R3 New Designator=R14
Change Component Designator: Old Designator=R4 New Designator=R16
Change Component Designator: Old Designator=R5 New Designator=R17
Change Component Designator: Old Designator=R6 New Designator=R18
Change Component Designator: Old Designator=R7 New Designator=R15
Change Component Designator: Old Designator=R? New Designator=R19
Change Component Designator: Old Designator=R? New Designator=R20
Change Component Designator: Old Designator=R? New Designator=R21
Change Component Designator: Old Designator=U1 New Designator=U3
Change Component Designator: Old Designator=U2 New Designator=U4
Change Component Designator: Old Designator=U3 New Designator=U7
Change Component Designator: Old Designator=U? New Designator=U5
Change Component Designator: Old Designator=U? New Designator=U6
